<?xml version="1.0" encoding="UTF-8"?>
<testng-results skipped="0" failed="0" ignored="0" total="1" passed="1">
  <reporter-output>
  </reporter-output>
  <suite name="Default suite" duration-ms="51" started-at="2019-09-11T16:08:56Z" finished-at="2019-09-11T16:08:56Z">
    <groups>
    </groups>
    <test name="Default test" duration-ms="51" started-at="2019-09-11T16:08:56Z" finished-at="2019-09-11T16:08:56Z">
      <class name="TestBase.LoginTest">
        <test-method status="PASS" signature="Test1()[pri:0, instance:TestBase.LoginTest@4c70fda8]" name="Test1" duration-ms="15" started-at="2019-09-11T16:08:56Z" finished-at="2019-09-11T16:08:56Z">
          <reporter-output>
          </reporter-output>
        </test-method> <!-- Test1 -->
      </class> <!-- TestBase.LoginTest -->
    </test> <!-- Default test -->
  </suite> <!-- Default suite -->
</testng-results>
